<?xml version="1.0" encoding="UTF-8"?>
<testsuite name="Hallar un webSite dado una palabra clave" tests="1" skipped="0" failures="0" errors="0" timestamp="2021-04-13T15:03:32" hostname="pb0b0826830" time="170.581">
  <properties/>
  <testcase name="Buscar el sitio oficial del grupo" classname="Hallar un webSite dado una palabra clave" time="170.581"/>
  <system-out><![CDATA[]]></system-out>
  <system-err><![CDATA[abr 13, 2021 10:03:34 AM org.openqa.selenium.remote.DesiredCapabilities chrome
INFORMACIÓN: Using `new ChromeOptions()` is preferred to `DesiredCapabilities.chrome()`
Starting ChromeDriver 2.44.609538 (b655c5a60b0b544917107a59d4153d4bf78e1b90) on port 30771
Only local connections are allowed.
abr 13, 2021 10:03:57 AM org.openqa.selenium.remote.ProtocolHandshake createSession
INFORMACIÓN: Detected dialect: OSS
[1618326314.988][SEVERE]: Timed out receiving message from renderer: 8.780
[1618326314.988][WARNING]: screenshot failed, retrying
[1618326324.988][SEVERE]: Timed out receiving message from renderer: 9.989
[1618326335.152][SEVERE]: Timed out receiving message from renderer: 9.978
[1618326335.156][WARNING]: screenshot failed, retrying
[1618326345.159][SEVERE]: Timed out receiving message from renderer: 9.999
[1618326355.341][SEVERE]: Timed out receiving message from renderer: 9.999
[1618326355.342][WARNING]: screenshot failed, retrying
[1618326365.342][SEVERE]: Timed out receiving message from renderer: 10.000
[Test worker] WARN net.thucydides.core.webdriver.WebDriverFacade - Failed to take screenshot (timeout: Timed out receiving message from renderer: 10.000
  (Session info: chrome=89.0.4389.114)
  (Driver info: chromedriver=2.44.609538 (b655c5a60b0b544917107a59d4153d4bf78e1b90),platform=Windows NT 10.0.18363 x86_64) (WARNING: The server did not provide any stacktrace information)
Command duration or timeout: 0 milliseconds
Build info: version: '3.141.5', revision: 'd54ebd709a', time: '2018-11-06T11:42:16'
System info: host: 'PB0B0826830', ip: '10.18.96.212', os.name: 'Windows 10', os.arch: 'amd64', os.version: '10.0', java.version: '1.8.0_191'
Driver info: org.openqa.selenium.remote.RemoteWebDriver
Capabilities {acceptInsecureCerts: false, acceptSslCerts: false, applicationCacheEnabled: false, browserConnectionEnabled: false, browserName: chrome, chrome: {chromedriverVersion: 2.44.609538 (b655c5a60b0b54..., userDataDir: C:\Users\rcoronad\AppData\L...}, cssSelectorsEnabled: true, databaseEnabled: false, goog:chromeOptions: {debuggerAddress: localhost:58238}, handlesAlerts: true, hasTouchScreen: false, javascriptEnabled: true, locationContextEnabled: true, mobileEmulationEnabled: false, nativeEvents: true, networkConnectionEnabled: false, pageLoadStrategy: normal, platform: XP, platformName: XP, rotatable: false, setWindowRect: true, takesHeapSnapshot: true, takesScreenshot: true, unexpectedAlertBehaviour: ignore, unhandledPromptBehavior: ignore, version: 89.0.4389.114, webStorageEnabled: true}
Session ID: 76fe41bea05df84f595ec4f1bc3b263d)
[1618326375.435][SEVERE]: Timed out receiving message from renderer: 10.000
[1618326375.435][WARNING]: screenshot failed, retrying
[Test worker] INFO net.thucydides.core.steps.ConsoleLoggingListener - 
        __    _____ _____ ____ _____   ____   _    ____  ____  _____ ____  
  _     \ \  |_   _| ____/ ___|_   _| |  _ \ / \  / ___|/ ___|| ____|  _ \ 
 (_)_____| |   | | |  _| \___ \ | |   | |_) / _ \ \___ \\___ \|  _| | | | |
  _|_____| |   | | | |___ ___) || |   |  __/ ___ \ ___) |___) | |___| |_| |
 (_)     | |   |_| |_____|____/ |_|   |_| /_/   \_\____/|____/|_____|____/ 
        /_/                                                                

TEST PASSED: Buscar el sitio oficial del grupo
----------------------------------------------------------------------------
]]></system-err>
</testsuite>
